<?xml version="1.0" encoding="UTF-8"?>
<!-- Generated by org.testng.reporters.JUnitReportReporter -->
<testsuite hostname="DESKTOP-QKRRSS8" failures="0" tests="3" name="stories.OrderOneProdUsingProdComparisonAsLogUserTest" time="22.597" errors="0" timestamp="2021-12-03T17:59:04 EET" skipped="0">
  <testcase classname="stories.OrderOneProdUsingProdComparisonAsLogUserTest" name="stepCheckoutPerson" time="12.995"/>
  <system-out/>
  <testcase classname="stories.OrderOneProdUsingProdComparisonAsLogUserTest" name="searchByMenuAndAddToCompare" time="4.686"/>
  <system-out/>
  <testcase classname="stories.OrderOneProdUsingProdComparisonAsLogUserTest" name="loginUserWithInWishListPage" time="4.916"/>
  <system-out/>
</testsuite> <!-- stories.OrderOneProdUsingProdComparisonAsLogUserTest -->
