<?xml version="1.0" encoding="UTF-8"?>
<!-- Generated by org.testng.reporters.JUnitReportReporter -->
<testsuite hostname="DESKTOP-QKRRSS8" failures="0" tests="1" name="SearchAdd4ProductTest" time="16.219" errors="0" timestamp="2021-11-17T12:34:14 EET" skipped="0">
  <testcase classname="SearchAdd4ProductTest" name="searchElementAndAddToCard" time="16.219"/>
  <system-out/>
</testsuite> <!-- SearchAdd4ProductTest -->
