<?xml version="1.0" encoding="UTF-8"?>
<!-- Generated by org.testng.reporters.JUnitReportReporter -->
<testsuite hostname="DESKTOP-QKRRSS8" failures="0" tests="2" name="stories.OrderOneProdUsingSearchAsGuestUserTest" time="17.296" errors="0" timestamp="2021-12-03T17:59:04 EET" skipped="0">
  <testcase classname="stories.OrderOneProdUsingSearchAsGuestUserTest" name="searchElementAndAddToCard" time="4.658"/>
  <system-out/>
  <testcase classname="stories.OrderOneProdUsingSearchAsGuestUserTest" name="searchEoCard" time="12.638"/>
  <system-out/>
</testsuite> <!-- stories.OrderOneProdUsingSearchAsGuestUserTest -->
