<?xml version="1.0" encoding="UTF-8"?>
<!-- Generated by org.testng.reporters.JUnitReportReporter -->
<testsuite hostname="DESKTOP-QKRRSS8" failures="0" tests="5" name="stories.OrderTreeProdUsingWishlistAsLogUserTest" time="39.641" errors="0" timestamp="2021-12-03T17:59:04 EET" skipped="0">
  <testcase classname="stories.OrderTreeProdUsingWishlistAsLogUserTest" name="loginUserWithInWishListPage" time="6.125"/>
  <system-out/>
  <testcase classname="stories.OrderTreeProdUsingWishlistAsLogUserTest" name="stepCheckoutPerson" time="23.469"/>
  <system-out/>
  <testcase classname="stories.OrderTreeProdUsingWishlistAsLogUserTest" name="searchElementAndAddToWishlist" time="3.364"/>
  <system-out/>
  <testcase classname="stories.OrderTreeProdUsingWishlistAsLogUserTest" name="searchElementAndAddToWishlist2" time="3.376"/>
  <system-out/>
  <testcase classname="stories.OrderTreeProdUsingWishlistAsLogUserTest" name="searchElementAndAddToWishlist3" time="3.307"/>
  <system-out/>
</testsuite> <!-- stories.OrderTreeProdUsingWishlistAsLogUserTest -->
