<?xml version="1.0" encoding="UTF-8"?>
<!-- Generated by org.testng.reporters.JUnitReportReporter -->
<testsuite hostname="DESKTOP-QKRRSS8" failures="0" tests="2" name="UserRegisterTest" time="8.306" errors="0" timestamp="2021-12-03T17:59:04 EET" skipped="1">
  <testcase classname="UserRegisterTest" name="registerUserWithValidParameters" time="5.608"/>
  <system-out/>
  <testcase classname="UserRegisterTest" name="registerUserWithValidParameters" time="2.698">
    <skipped/>
  </testcase> <!-- registerUserWithValidParameters -->
  <system-out/>
</testsuite> <!-- UserRegisterTest -->
