<?xml version="1.0" encoding="UTF-8"?>
<!-- Generated by org.testng.reporters.JUnitReportReporter -->
<testsuite hostname="DESKTOP-QKRRSS8" failures="0" tests="3" name="stories.OrderTwoProdUsingSearchAsLogUserTest" time="21.872" errors="0" timestamp="2021-12-03T17:59:04 EET" skipped="0">
  <testcase classname="stories.OrderTwoProdUsingSearchAsLogUserTest" name="searchElementAndAddToCard" time="4.042"/>
  <system-out/>
  <testcase classname="stories.OrderTwoProdUsingSearchAsLogUserTest" name="loginUserWithInWishListPage" time="4.893"/>
  <system-out/>
  <testcase classname="stories.OrderTwoProdUsingSearchAsLogUserTest" name="stepCheckoutPerson" time="12.937"/>
  <system-out/>
</testsuite> <!-- stories.OrderTwoProdUsingSearchAsLogUserTest -->
