<?xml version="1.0" encoding="UTF-8"?>
<!-- Generated by org.testng.reporters.JUnitReportReporter -->
<testsuite hostname="DESKTOP-QKRRSS8" failures="0" tests="1" name="SearchAdd2ProductTest" time="6.206" errors="0" timestamp="2021-12-03T17:59:04 EET" skipped="0">
  <testcase classname="SearchAdd2ProductTest" name="search2ProductAndAddToCart" time="6.206"/>
  <system-out/>
</testsuite> <!-- SearchAdd2ProductTest -->
