<?xml version="1.0" encoding="UTF-8"?>
<!-- Generated by org.testng.reporters.JUnitReportReporter -->
<testsuite hostname="DESKTOP-QKRRSS8" failures="0" tests="4" name="stories.OrderTwoProdUsingWishlistAsLogUserTest" time="62.990" errors="0" timestamp="2021-12-03T17:59:04 EET" skipped="0">
  <testcase classname="stories.OrderTwoProdUsingWishlistAsLogUserTest" name="loginUserWithInWishListPage" time="4.563"/>
  <system-out/>
  <testcase classname="stories.OrderTwoProdUsingWishlistAsLogUserTest" name="stepCheckoutPerson" time="51.648"/>
  <system-out/>
  <testcase classname="stories.OrderTwoProdUsingWishlistAsLogUserTest" name="searchElementAndAddToWishlist" time="3.428"/>
  <system-out/>
  <testcase classname="stories.OrderTwoProdUsingWishlistAsLogUserTest" name="searchElementAndAddToWishlist2" time="3.351"/>
  <system-out/>
</testsuite> <!-- stories.OrderTwoProdUsingWishlistAsLogUserTest -->
