<?xml version="1.0" encoding="UTF-8"?>
<!-- Generated by org.testng.reporters.JUnitReportReporter -->
<testsuite hostname="DESKTOP-QKRRSS8" failures="0" tests="3" name="stories.OrderOneProdUsingComparisonAsGuestUserTest" time="21.836" errors="0" timestamp="2021-12-03T17:59:04 EET" skipped="1">
  <testcase classname="stories.OrderOneProdUsingComparisonAsGuestUserTest" name="searchByMenuAndAddToCompare" time="3.989"/>
  <system-out/>
  <testcase classname="stories.OrderOneProdUsingComparisonAsGuestUserTest" name="searchByMenuAndAddToCompare" time="5.192">
    <skipped/>
  </testcase> <!-- searchByMenuAndAddToCompare -->
  <system-out/>
  <testcase classname="stories.OrderOneProdUsingComparisonAsGuestUserTest" name="stepCheckoutPerson" time="12.655"/>
  <system-out/>
</testsuite> <!-- stories.OrderOneProdUsingComparisonAsGuestUserTest -->
