<?xml version="1.0" encoding="UTF-8"?>
<!-- Generated by org.testng.reporters.JUnitReportReporter -->
<testsuite hostname="DESKTOP-QKRRSS8" failures="0" tests="3" name="stories.OrderTreeProdUsingSearchAsLogUserTest" time="23.325" errors="0" timestamp="2021-12-03T17:59:04 EET" skipped="0">
  <testcase classname="stories.OrderTreeProdUsingSearchAsLogUserTest" name="stepCheckoutPerson" time="12.856"/>
  <system-out/>
  <testcase classname="stories.OrderTreeProdUsingSearchAsLogUserTest" name="searchElementAndAddToCard" time="5.788"/>
  <system-out/>
  <testcase classname="stories.OrderTreeProdUsingSearchAsLogUserTest" name="loginUserWithInWishListPage" time="4.681"/>
  <system-out/>
</testsuite> <!-- stories.OrderTreeProdUsingSearchAsLogUserTest -->
