<?xml version="1.0" encoding="UTF-8"?>
<!-- Generated by org.testng.reporters.JUnitReportReporter -->
<testsuite hostname="DESKTOP-QKRRSS8" failures="0" tests="2" name="AddOneProdToWishlistTest" time="6.708" errors="0" timestamp="2021-12-03T17:59:04 EET" skipped="0">
  <testcase classname="AddOneProdToWishlistTest" name="loginUserWithInWishListPage" time="4.502"/>
  <system-out/>
  <testcase classname="AddOneProdToWishlistTest" name="searchElementAndAddToWishlist" time="2.206"/>
  <system-out/>
</testsuite> <!-- AddOneProdToWishlistTest -->
