<?xml version="1.0" encoding="UTF-8"?>
<!-- Generated by org.testng.reporters.JUnitReportReporter -->
<testsuite hostname="DESKTOP-QKRRSS8" failures="0" tests="2" name="AddTwoProdToWishlistTest" time="7.762" errors="0" timestamp="2021-12-03T17:59:04 EET" skipped="0">
  <testcase classname="AddTwoProdToWishlistTest" name="searchElementAndAddToWishlist" time="3.596"/>
  <system-out/>
  <testcase classname="AddTwoProdToWishlistTest" name="loginUserWithInWishListPage" time="4.166"/>
  <system-out/>
</testsuite> <!-- AddTwoProdToWishlistTest -->
