<?xml version="1.0" encoding="UTF-8"?>
<!-- Generated by org.testng.reporters.JUnitReportReporter -->
<testsuite hostname="DESKTOP-QKRRSS8" failures="0" tests="2" name="SearchTest" time="6.561" errors="0" timestamp="2021-12-03T17:59:04 EET" skipped="0">
  <testcase classname="SearchTest" name="searchProductPositiveTest" time="2.818"/>
  <system-out/>
  <testcase classname="SearchTest" name="searchProductNegativeTest" time="3.743"/>
  <system-out/>
</testsuite> <!-- SearchTest -->
