<?xml version="1.0" encoding="UTF-8"?>
<!-- Generated by org.testng.reporters.JUnitReportReporter -->
<testsuite hostname="DESKTOP-QKRRSS8" failures="0" tests="1" name="SearchAdd2ProductTest" time="4.933" errors="0" timestamp="2021-11-17T12:34:14 EET" skipped="0">
  <testcase classname="SearchAdd2ProductTest" name="searchElementAndAddToCard" time="4.933"/>
  <system-out/>
</testsuite> <!-- SearchAdd2ProductTest -->
