<?xml version="1.0" encoding="UTF-8"?>
<!-- Generated by org.testng.reporters.JUnitReportReporter -->
<testsuite hostname="DESKTOP-QKRRSS8" failures="0" tests="3" name="stories.OrderOneProdUsingProductPageAsLogUserTest" time="20.773" errors="0" timestamp="2021-12-03T17:59:04 EET" skipped="0">
  <testcase classname="stories.OrderOneProdUsingProductPageAsLogUserTest" name="addProductToShoppingCartByProdPageTest" time="5.699"/>
  <system-out/>
  <testcase classname="stories.OrderOneProdUsingProductPageAsLogUserTest" name="loginUserWithInWishListPage" time="2.758"/>
  <system-out/>
  <testcase classname="stories.OrderOneProdUsingProductPageAsLogUserTest" name="stepCheckoutPerson" time="12.316"/>
  <system-out/>
</testsuite> <!-- stories.OrderOneProdUsingProductPageAsLogUserTest -->
