<?xml version="1.0" encoding="UTF-8"?>
<!-- Generated by org.testng.reporters.JUnitReportReporter -->
<testsuite hostname="DESKTOP-QKRRSS8" failures="0" tests="2" name="AddOneProdToWishlistTest" time="5.365" errors="0" timestamp="2021-11-17T12:34:14 EET" skipped="0">
  <testcase classname="AddOneProdToWishlistTest" name="loginUserWithInWishListPage" time="3.379"/>
  <system-out/>
  <testcase classname="AddOneProdToWishlistTest" name="searchElementAndAddToWishlist" time="1.986"/>
  <system-out/>
</testsuite> <!-- AddOneProdToWishlistTest -->
