<?xml version="1.0" encoding="UTF-8"?>
<!-- Generated by org.testng.reporters.JUnitReportReporter -->
<testsuite hostname="DESKTOP-QKRRSS8" failures="0" tests="2" name="administration.DeleteTaxTest" time="9.868" errors="0" timestamp="2021-12-03T17:59:04 EET" skipped="0">
  <testcase classname="administration.DeleteTaxTest" name="deleteTaxRatesTest" time="4.195"/>
  <system-out/>
  <testcase classname="administration.DeleteTaxTest" name="deleteTaxClassesTest" time="5.673"/>
  <system-out/>
</testsuite> <!-- administration.DeleteTaxTest -->
