<?xml version="1.0" encoding="UTF-8"?>
<!-- Generated by org.testng.reporters.JUnitReportReporter -->
<testsuite hostname="DESKTOP-QKRRSS8" failures="0" tests="3" name="stories.OrderOneProdUsingWishlistAsLogUserTest" time="20.665" errors="0" timestamp="2021-12-03T17:59:04 EET" skipped="0">
  <testcase classname="stories.OrderOneProdUsingWishlistAsLogUserTest" name="searchElementAndAddToWishlist" time="3.328"/>
  <system-out/>
  <testcase classname="stories.OrderOneProdUsingWishlistAsLogUserTest" name="loginUserWithInWishListPage" time="4.715"/>
  <system-out/>
  <testcase classname="stories.OrderOneProdUsingWishlistAsLogUserTest" name="stepCheckoutPerson" time="12.622"/>
  <system-out/>
</testsuite> <!-- stories.OrderOneProdUsingWishlistAsLogUserTest -->
