<?xml version="1.0" encoding="UTF-8"?>
<!-- Generated by org.testng.reporters.JUnitReportReporter -->
<testsuite hostname="DESKTOP-QKRRSS8" failures="0" tests="2" name="administration.AddNewTaxTest" time="11.985" errors="0" timestamp="2021-12-03T17:59:04 EET" skipped="0">
  <testcase classname="administration.AddNewTaxTest" name="addNewTaxClassesTest" time="6.961"/>
  <system-out/>
  <testcase classname="administration.AddNewTaxTest" name="addNewTaxRatesTest" time="5.024"/>
  <system-out/>
</testsuite> <!-- administration.AddNewTaxTest -->
