<?xml version="1.0" encoding="UTF-8"?>
<!-- Generated by org.testng.reporters.JUnitReportReporter -->
<testsuite hostname="DESKTOP-QKRRSS8" failures="0" tests="3" name="stories.OrderTwoProdUsingProductPageAsLogUserTest" time="24.407" errors="0" timestamp="2021-12-03T17:59:04 EET" skipped="0">
  <testcase classname="stories.OrderTwoProdUsingProductPageAsLogUserTest" name="loginUserWithInWishListPage" time="2.593"/>
  <system-out/>
  <testcase classname="stories.OrderTwoProdUsingProductPageAsLogUserTest" name="addProductToShoppingCartByProdPageTest" time="9.331"/>
  <system-out/>
  <testcase classname="stories.OrderTwoProdUsingProductPageAsLogUserTest" name="stepCheckoutPerson" time="12.483"/>
  <system-out/>
</testsuite> <!-- stories.OrderTwoProdUsingProductPageAsLogUserTest -->
