<?xml version="1.0" encoding="UTF-8"?>
<!-- Generated by org.testng.reporters.JUnitReportReporter -->
<testsuite hostname="DESKTOP-QKRRSS8" failures="0" tests="2" name="AddToCompareAndWishlistTest" time="7.305" errors="0" timestamp="2021-12-03T17:59:04 EET" skipped="0">
  <testcase classname="AddToCompareAndWishlistTest" name="searchByMenuAndAddToCompare" time="3.232"/>
  <system-out/>
  <testcase classname="AddToCompareAndWishlistTest" name="loginUserWithInWishListPage" time="4.073"/>
  <system-out/>
</testsuite> <!-- AddToCompareAndWishlistTest -->
