<?xml version="1.0" encoding="UTF-8"?>
<!-- Generated by org.testng.reporters.JUnitReportReporter -->
<testsuite hostname="DESKTOP-QKRRSS8" failures="0" tests="3" name="stories.OrderOneProdUsingSearchAsLogUserTest" time="19.892" errors="0" timestamp="2021-12-03T17:59:04 EET" skipped="0">
  <testcase classname="stories.OrderOneProdUsingSearchAsLogUserTest" name="stepCheckoutPerson" time="12.959"/>
  <system-out/>
  <testcase classname="stories.OrderOneProdUsingSearchAsLogUserTest" name="searchElementAndAddToCard" time="2.354"/>
  <system-out/>
  <testcase classname="stories.OrderOneProdUsingSearchAsLogUserTest" name="loginUserWithInWishListPage" time="4.579"/>
  <system-out/>
</testsuite> <!-- stories.OrderOneProdUsingSearchAsLogUserTest -->
