<?xml version="1.0" encoding="UTF-8"?>
<!-- Generated by org.testng.reporters.JUnitReportReporter -->
<testsuite hostname="DESKTOP-QKRRSS8" failures="0" tests="2" name="AddFourProdToWishlistTest" time="11.828" errors="0" timestamp="2021-11-17T12:34:14 EET" skipped="0">
  <testcase classname="AddFourProdToWishlistTest" name="searchElementAndAddToWishlist" time="7.150"/>
  <system-out/>
  <testcase classname="AddFourProdToWishlistTest" name="loginUserWithInWishListPage" time="4.678"/>
  <system-out/>
</testsuite> <!-- AddFourProdToWishlistTest -->
