<?xml version="1.0" encoding="UTF-8"?>
<!-- Generated by org.testng.reporters.JUnitReportReporter -->
<testsuite hostname="DESKTOP-QKRRSS8" failures="0" tests="2" name="AddTwoProdToWishlistTest" time="6.702" errors="0" timestamp="2021-11-17T12:34:14 EET" skipped="0">
  <testcase classname="AddTwoProdToWishlistTest" name="searchElementAndAddToWishlist" time="3.446"/>
  <system-out/>
  <testcase classname="AddTwoProdToWishlistTest" name="loginUserWithInWishListPage" time="3.256"/>
  <system-out/>
</testsuite> <!-- AddTwoProdToWishlistTest -->
