<?xml version="1.0" encoding="UTF-8"?>
<!-- Generated by org.testng.reporters.JUnitReportReporter -->
<testsuite hostname="DESKTOP-QKRRSS8" failures="0" tests="3" name="stories.OrderTreeProdUsingProductPageAsLogUserTest" time="27.897" errors="0" timestamp="2021-12-03T17:59:04 EET" skipped="0">
  <testcase classname="stories.OrderTreeProdUsingProductPageAsLogUserTest" name="addProductToShoppingCartByProdPageTest" time="11.892"/>
  <system-out/>
  <testcase classname="stories.OrderTreeProdUsingProductPageAsLogUserTest" name="loginUserWithInWishListPage" time="2.672"/>
  <system-out/>
  <testcase classname="stories.OrderTreeProdUsingProductPageAsLogUserTest" name="stepCheckoutPerson" time="13.333"/>
  <system-out/>
</testsuite> <!-- stories.OrderTreeProdUsingProductPageAsLogUserTest -->
