<?xml version="1.0" encoding="UTF-8"?>
<!-- Generated by org.testng.reporters.JUnitReportReporter -->
<testsuite hostname="DESKTOP-QKRRSS8" failures="0" tests="1" name="administration.EditCurrencyTest" time="8.248" errors="0" timestamp="2021-12-03T17:59:04 EET" skipped="0">
  <testcase classname="administration.EditCurrencyTest" name="editNewCurrencyTest" time="8.248"/>
  <system-out/>
</testsuite> <!-- administration.EditCurrencyTest -->
