<?xml version="1.0" encoding="UTF-8"?>
<!-- Generated by org.testng.reporters.JUnitReportReporter -->
<testsuite hostname="DESKTOP-QKRRSS8" failures="0" tests="2" name="AddFourProdToWishlistTest" time="11.095" errors="0" timestamp="2021-12-03T17:59:04 EET" skipped="0">
  <testcase classname="AddFourProdToWishlistTest" name="loginUserWithInWishListPage" time="4.291"/>
  <system-out/>
  <testcase classname="AddFourProdToWishlistTest" name="searchElementAndAddToWishlist" time="6.804"/>
  <system-out/>
</testsuite> <!-- AddFourProdToWishlistTest -->
